This is XeTeX, Version 3.141592653-2.6-0.999997 (TeX Live 2025) (preloaded format=xelatex 2026.1.23)  23 JAN 2026 16:25
entering extended mode
 restricted \write18 enabled.
 %&-line parsing enabled.
**Resume.tex
(./Resume.tex
LaTeX2e <2025-11-01>
L3 programming layer <2026-01-19>
(/home/swensonnm1906/.TinyTeX/texmf-dist/tex/latex/base/article.cls
Document Class: article 2025/01/22 v1.4n Standard LaTeX document class
(/home/swensonnm1906/.TinyTeX/texmf-dist/tex/latex/base/size10.clo
File: size10.clo 2025/01/22 v1.4n Standard LaTeX file (size option)
)
\c@part=\count271
\c@section=\count272
\c@subsection=\count273
\c@subsubsection=\count274
\c@paragraph=\count275
\c@subparagraph=\count276
\c@figure=\count277
\c@table=\count278
\abovecaptionskip=\skip49
\belowcaptionskip=\skip50
\bibindent=\dimen148
) (/home/swensonnm1906/.TinyTeX/texmf-dist/tex/latex/base/inputenc.sty
Package: inputenc 2024/02/08 v1.3d Input encoding file
\inpenc@prehook=\toks17
\inpenc@posthook=\toks18

Package inputenc Warning: inputenc package ignored with utf8 based engines.

) (/home/swensonnm1906/.TinyTeX/texmf-dist/tex/latex/xifthen/xifthen.sty
Package: xifthen 2015/11/05 v1.4.0 Extended ifthen features
(/home/swensonnm1906/.TinyTeX/texmf-dist/tex/latex/tools/calc.sty
Package: calc 2025/03/01 v4.3b Infix arithmetic (KKT,FJ)
\calc@Acount=\count279
\calc@Bcount=\count280
\calc@Adimen=\dimen149
\calc@Bdimen=\dimen150
\calc@Askip=\skip51
\calc@Bskip=\skip52
LaTeX Info: Redefining \setlength on input line 86.
LaTeX Info: Redefining \addtolength on input line 87.
\calc@Ccount=\count281
\calc@Cskip=\skip53
) (/home/swensonnm1906/.TinyTeX/texmf-dist/tex/latex/base/ifthen.sty
Package: ifthen 2024/03/16 v1.1e Standard LaTeX ifthen package (DPC)
) (/home/swensonnm1906/.TinyTeX/texmf-dist/tex/latex/ifmtarg/ifmtarg.sty
Package: ifmtarg 2018/04/16 v1.2b check for an empty argument
)) (/home/swensonnm1906/.TinyTeX/texmf-dist/tex/latex/raleway/raleway.sty
Package: raleway 2025/04/06 v1.6 Matt McInerney’s Raleway family
(/home/swensonnm1906/.TinyTeX/texmf-dist/tex/generic/iftex/ifxetex.sty
Package: ifxetex 2019/10/25 v0.7 ifxetex legacy package. Use iftex instead.
(/home/swensonnm1906/.TinyTeX/texmf-dist/tex/generic/iftex/iftex.sty
Package: iftex 2024/12/12 v1.0g TeX engine tests
)) (/home/swensonnm1906/.TinyTeX/texmf-dist/tex/generic/iftex/ifluatex.sty
Package: ifluatex 2019/10/25 v1.5 ifluatex legacy package. Use iftex instead.
) (/home/swensonnm1906/.TinyTeX/texmf-dist/tex/latex/xkeyval/xkeyval.sty
Package: xkeyval 2025/11/04 v2.10 package option processing (HA)
(/home/swensonnm1906/.TinyTeX/texmf-dist/tex/generic/xkeyval/xkeyval.tex (/home/swensonnm1906/.TinyTeX/texmf-dist/tex/generic/xkeyval/xkvutils.tex
\XKV@toks=\toks19
\XKV@tempa@toks=\toks20
\XKV@tempb@toks=\toks21
(/home/swensonnm1906/.TinyTeX/texmf-dist/tex/generic/xkeyval/keyval.tex))
\XKV@depth=\count282
File: xkeyval.tex 2014/12/03 v2.7a key=value parser (HA)
)) (/home/swensonnm1906/.TinyTeX/texmf-dist/tex/latex/fontspec/fontspec.sty (/home/swensonnm1906/.TinyTeX/texmf-dist/tex/latex/l3packages/xparse/xparse.sty (/home/swensonnm1906/.TinyTeX/texmf-dist/tex/latex/l3kernel/expl3.sty
Package: expl3 2026-01-19 L3 programming layer (loader) 
(/home/swensonnm1906/.TinyTeX/texmf-dist/tex/latex/l3backend/l3backend-xetex.def
File: l3backend-xetex.def 2025-10-09 L3 backend support: XeTeX
\g__graphics_track_int=\count283
\g__pdfannot_backend_int=\count284
\g__pdfannot_backend_link_int=\count285
))
Package: xparse 2025-10-09 L3 Experimental document command parser
)
Package: fontspec 2025/09/29 v2.9g Font selection for XeLaTeX and LuaLaTeX
(/home/swensonnm1906/.TinyTeX/texmf-dist/tex/latex/fontspec/fontspec-xetex.sty
Package: fontspec-xetex 2025/09/29 v2.9g Font selection for XeLaTeX and LuaLaTeX
\l__fontspec_script_int=\count286
\l__fontspec_language_int=\count287
\l__fontspec_strnum_int=\count288
\l__fontspec_tmp_int=\count289
\l__fontspec_tmpa_int=\count290
\l__fontspec_tmpb_int=\count291
\l__fontspec_tmpc_int=\count292
\l__fontspec_em_int=\count293
\l__fontspec_emdef_int=\count294
\l__fontspec_strong_int=\count295
\l__fontspec_strongdef_int=\count296
\l__fontspec_tmpa_dim=\dimen151
\l__fontspec_tmpb_dim=\dimen152
\l__fontspec_tmpc_dim=\dimen153
(/home/swensonnm1906/.TinyTeX/texmf-dist/tex/latex/base/fontenc.sty
Package: fontenc 2025/07/18 v2.1d Standard LaTeX package
) (/home/swensonnm1906/.TinyTeX/texmf-dist/tex/latex/fontspec/fontspec.cfg)))

Package fontspec Info: 
(fontspec)             Raleway-Regular scale = 1.


Package fontspec Info: 
(fontspec)             Raleway-Regular scale = 1.


Package fontspec Info: 
(fontspec)             Raleway-Regular scale = 1.


Package fontspec Info: 
(fontspec)             Raleway-Bold scale = 1.


Package fontspec Info: 
(fontspec)             Raleway-Bold scale = 1.


Package fontspec Info: 
(fontspec)             Raleway-RegularItalic scale = 1.


Package fontspec Info: 
(fontspec)             Raleway-RegularItalic scale = 1.


Package fontspec Info: 
(fontspec)             Raleway-BoldItalic scale = 1.


Package fontspec Info: 
(fontspec)             Raleway-BoldItalic scale = 1.


Package fontspec Info: 
(fontspec)             Font family 'Raleway(0)' created for font 'Raleway'
(fontspec)             with options [Ligatures = TeX,Numbers = OldStyle,Scale
(fontspec)             = 1,Extension = .otf,Ligatures=TeX,UprightFont =
(fontspec)             *-Regular,ItalicFont = *-RegularItalic,BoldFont =
(fontspec)             *-Bold,BoldItalicFont = *-BoldItalic].
(fontspec)              
(fontspec)              This font family consists of the following NFSS
(fontspec)             series/shapes:
(fontspec)              
(fontspec)             - 'normal' (m/n) with NFSS spec.:
(fontspec)             <->s*[1]"[Raleway-Regular.otf]/OT:script=latn;language=dflt;+onum;mapping=tex-text;"
(fontspec)             - 'small caps'  (m/sc) with NFSS spec.:
(fontspec)             <->s*[1]"[Raleway-Regular.otf]/OT:script=latn;language=dflt;+onum;+smcp;mapping=tex-text;"
(fontspec)             - 'bold' (b/n) with NFSS spec.:
(fontspec)             <->s*[1]"[Raleway-Bold.otf]/OT:script=latn;language=dflt;+onum;mapping=tex-text;"
(fontspec)             - 'bold small caps'  (b/sc) with NFSS spec.:
(fontspec)             <->s*[1]"[Raleway-Bold.otf]/OT:script=latn;language=dflt;+onum;+smcp;mapping=tex-text;"
(fontspec)             - 'italic' (m/it) with NFSS spec.:
(fontspec)             <->s*[1]"[Raleway-RegularItalic.otf]/OT:script=latn;language=dflt;+onum;mapping=tex-text;"
(fontspec)             - 'italic small caps'  (m/scit) with NFSS spec.:
(fontspec)             <->s*[1]"[Raleway-RegularItalic.otf]/OT:script=latn;language=dflt;+onum;+smcp;mapping=tex-text;"
(fontspec)             - 'bold italic' (b/it) with NFSS spec.:
(fontspec)             <->s*[1]"[Raleway-BoldItalic.otf]/OT:script=latn;language=dflt;+onum;mapping=tex-text;"
(fontspec)             - 'bold italic small caps'  (b/scit) with NFSS spec.:
(fontspec)             <->s*[1]"[Raleway-BoldItalic.otf]/OT:script=latn;language=dflt;+onum;+smcp;mapping=tex-text;"


Package fontspec Info: 
(fontspec)             Raleway-Regular scale = 1.


Package fontspec Info: 
(fontspec)             Raleway-Regular scale = 1.


Package fontspec Info: 
(fontspec)             Raleway-Regular scale = 1.


Package fontspec Info: 
(fontspec)             Raleway-Bold scale = 1.


Package fontspec Info: 
(fontspec)             Raleway-Bold scale = 1.


Package fontspec Info: 
(fontspec)             Raleway-RegularItalic scale = 1.


Package fontspec Info: 
(fontspec)             Raleway-RegularItalic scale = 1.


Package fontspec Info: 
(fontspec)             Raleway-BoldItalic scale = 1.


Package fontspec Info: 
(fontspec)             Raleway-BoldItalic scale = 1.


Package fontspec Info: 
(fontspec)             Font family 'Raleway(1)' created for font 'Raleway'
(fontspec)             with options [Ligatures = TeX,Numbers = OldStyle,Scale
(fontspec)             = 1,Extension = .otf,UprightFont = *-Regular,ItalicFont
(fontspec)             = *-RegularItalic,BoldFont = *-Bold,BoldItalicFont =
(fontspec)             *-BoldItalic].
(fontspec)              
(fontspec)              This font family consists of the following NFSS
(fontspec)             series/shapes:
(fontspec)              
(fontspec)             - 'normal' (m/n) with NFSS spec.:
(fontspec)             <->s*[1]"[Raleway-Regular.otf]/OT:script=latn;language=dflt;+onum;mapping=tex-text;"
(fontspec)             - 'small caps'  (m/sc) with NFSS spec.:
(fontspec)             <->s*[1]"[Raleway-Regular.otf]/OT:script=latn;language=dflt;+onum;+smcp;mapping=tex-text;"
(fontspec)             - 'bold' (b/n) with NFSS spec.:
(fontspec)             <->s*[1]"[Raleway-Bold.otf]/OT:script=latn;language=dflt;+onum;mapping=tex-text;"
(fontspec)             - 'bold small caps'  (b/sc) with NFSS spec.:
(fontspec)             <->s*[1]"[Raleway-Bold.otf]/OT:script=latn;language=dflt;+onum;+smcp;mapping=tex-text;"
(fontspec)             - 'italic' (m/it) with NFSS spec.:
(fontspec)             <->s*[1]"[Raleway-RegularItalic.otf]/OT:script=latn;language=dflt;+onum;mapping=tex-text;"
(fontspec)             - 'italic small caps'  (m/scit) with NFSS spec.:
(fontspec)             <->s*[1]"[Raleway-RegularItalic.otf]/OT:script=latn;language=dflt;+onum;+smcp;mapping=tex-text;"
(fontspec)             - 'bold italic' (b/it) with NFSS spec.:
(fontspec)             <->s*[1]"[Raleway-BoldItalic.otf]/OT:script=latn;language=dflt;+onum;mapping=tex-text;"
(fontspec)             - 'bold italic small caps'  (b/scit) with NFSS spec.:
(fontspec)             <->s*[1]"[Raleway-BoldItalic.otf]/OT:script=latn;language=dflt;+onum;+smcp;mapping=tex-text;"


Package fontspec Info: 
(fontspec)             Raleway-Medium scale = 1.


Package fontspec Info: 
(fontspec)             Raleway-Medium scale = 1.


Package fontspec Info: 
(fontspec)             Raleway-Medium scale = 1.


Package fontspec Info: 
(fontspec)             Raleway-Bold scale = 1.


Package fontspec Info: 
(fontspec)             Raleway-Bold scale = 1.


Package fontspec Info: 
(fontspec)             Raleway-MediumItalic scale = 1.


Package fontspec Info: 
(fontspec)             Raleway-MediumItalic scale = 1.


Package fontspec Info: 
(fontspec)             Raleway-BoldItalic scale = 1.


Package fontspec Info: 
(fontspec)             Raleway-BoldItalic scale = 1.


Package fontspec Info: 
(fontspec)             Font family 'Raleway(2)' created for font 'Raleway'
(fontspec)             with options [Ligatures = TeX,Numbers = OldStyle,Scale
(fontspec)             = 1,Extension = .otf,UprightFont = *-Medium,ItalicFont
(fontspec)             = *-MediumItalic,BoldFont = *-Bold,BoldItalicFont =
(fontspec)             *-BoldItalic].
(fontspec)              
(fontspec)              This font family consists of the following NFSS
(fontspec)             series/shapes:
(fontspec)              
(fontspec)             - 'normal' (m/n) with NFSS spec.:
(fontspec)             <->s*[1]"[Raleway-Medium.otf]/OT:script=latn;language=dflt;+onum;mapping=tex-text;"
(fontspec)             - 'small caps'  (m/sc) with NFSS spec.:
(fontspec)             <->s*[1]"[Raleway-Medium.otf]/OT:script=latn;language=dflt;+onum;+smcp;mapping=tex-text;"
(fontspec)             - 'bold' (b/n) with NFSS spec.:
(fontspec)             <->s*[1]"[Raleway-Bold.otf]/OT:script=latn;language=dflt;+onum;mapping=tex-text;"
(fontspec)             - 'bold small caps'  (b/sc) with NFSS spec.:
(fontspec)             <->s*[1]"[Raleway-Bold.otf]/OT:script=latn;language=dflt;+onum;+smcp;mapping=tex-text;"
(fontspec)             - 'italic' (m/it) with NFSS spec.:
(fontspec)             <->s*[1]"[Raleway-MediumItalic.otf]/OT:script=latn;language=dflt;+onum;mapping=tex-text;"
(fontspec)             - 'italic small caps'  (m/scit) with NFSS spec.:
(fontspec)             <->s*[1]"[Raleway-MediumItalic.otf]/OT:script=latn;language=dflt;+onum;+smcp;mapping=tex-text;"
(fontspec)             - 'bold italic' (b/it) with NFSS spec.:
(fontspec)             <->s*[1]"[Raleway-BoldItalic.otf]/OT:script=latn;language=dflt;+onum;mapping=tex-text;"
(fontspec)             - 'bold italic small caps'  (b/scit) with NFSS spec.:
(fontspec)             <->s*[1]"[Raleway-BoldItalic.otf]/OT:script=latn;language=dflt;+onum;+smcp;mapping=tex-text;"


Package fontspec Info: 
(fontspec)             Raleway-Light scale = 1.


Package fontspec Info: 
(fontspec)             Raleway-Light scale = 1.


Package fontspec Info: 
(fontspec)             Raleway-Light scale = 1.


Package fontspec Info: 
(fontspec)             Raleway-SemiBold scale = 1.


Package fontspec Info: 
(fontspec)             Raleway-SemiBold scale = 1.


Package fontspec Info: 
(fontspec)             Raleway-LightItalic scale = 1.


Package fontspec Info: 
(fontspec)             Raleway-LightItalic scale = 1.


Package fontspec Info: 
(fontspec)             Raleway-SemiBoldItalic scale = 1.


Package fontspec Info: 
(fontspec)             Raleway-SemiBoldItalic scale = 1.


Package fontspec Info: 
(fontspec)             Font family 'Raleway(3)' created for font 'Raleway'
(fontspec)             with options [Ligatures = TeX,Numbers = OldStyle,Scale
(fontspec)             = 1,Extension = .otf,UprightFont = *-Light,ItalicFont =
(fontspec)             *-LightItalic,BoldFont = *-SemiBold,BoldItalicFont =
(fontspec)             *-SemiBoldItalic].
(fontspec)              
(fontspec)              This font family consists of the following NFSS
(fontspec)             series/shapes:
(fontspec)              
(fontspec)             - 'normal' (m/n) with NFSS spec.:
(fontspec)             <->s*[1]"[Raleway-Light.otf]/OT:script=latn;language=dflt;+onum;mapping=tex-text;"
(fontspec)             - 'small caps'  (m/sc) with NFSS spec.:
(fontspec)             <->s*[1]"[Raleway-Light.otf]/OT:script=latn;language=dflt;+onum;+smcp;mapping=tex-text;"
(fontspec)             - 'bold' (b/n) with NFSS spec.:
(fontspec)             <->s*[1]"[Raleway-SemiBold.otf]/OT:script=latn;language=dflt;+onum;mapping=tex-text;"
(fontspec)             - 'bold small caps'  (b/sc) with NFSS spec.:
(fontspec)             <->s*[1]"[Raleway-SemiBold.otf]/OT:script=latn;language=dflt;+onum;+smcp;mapping=tex-text;"
(fontspec)             - 'italic' (m/it) with NFSS spec.:
(fontspec)             <->s*[1]"[Raleway-LightItalic.otf]/OT:script=latn;language=dflt;+onum;mapping=tex-text;"
(fontspec)             - 'italic small caps'  (m/scit) with NFSS spec.:
(fontspec)             <->s*[1]"[Raleway-LightItalic.otf]/OT:script=latn;language=dflt;+onum;+smcp;mapping=tex-text;"
(fontspec)             - 'bold italic' (b/it) with NFSS spec.:
(fontspec)             <->s*[1]"[Raleway-SemiBoldItalic.otf]/OT:script=latn;language=dflt;+onum;mapping=tex-text;"
(fontspec)             - 'bold italic small caps'  (b/scit) with NFSS spec.:
(fontspec)             <->s*[1]"[Raleway-SemiBoldItalic.otf]/OT:script=latn;language=dflt;+onum;+smcp;mapping=tex-text;"


Package fontspec Info: 
(fontspec)             Raleway-Thin scale = 1.


Package fontspec Info: 
(fontspec)             Raleway-Thin scale = 1.


Package fontspec Info: 
(fontspec)             Raleway-Thin scale = 1.


Package fontspec Info: 
(fontspec)             Raleway-Black scale = 1.


Package fontspec Info: 
(fontspec)             Raleway-Black scale = 1.


Package fontspec Info: 
(fontspec)             Raleway-ThinItalic scale = 1.


Package fontspec Info: 
(fontspec)             Raleway-ThinItalic scale = 1.


Package fontspec Info: 
(fontspec)             Raleway-BlackItalic scale = 1.


Package fontspec Info: 
(fontspec)             Raleway-BlackItalic scale = 1.


Package fontspec Info: 
(fontspec)             Font family 'Raleway(4)' created for font 'Raleway'
(fontspec)             with options [Ligatures = TeX,Numbers = OldStyle,Scale
(fontspec)             = 1,Extension = .otf,UprightFont = *-Thin,ItalicFont =
(fontspec)             *-ThinItalic,BoldFont = *-Black,BoldItalicFont =
(fontspec)             *-BlackItalic].
(fontspec)              
(fontspec)              This font family consists of the following NFSS
(fontspec)             series/shapes:
(fontspec)              
(fontspec)             - 'normal' (m/n) with NFSS spec.:
(fontspec)             <->s*[1]"[Raleway-Thin.otf]/OT:script=latn;language=dflt;+onum;mapping=tex-text;"
(fontspec)             - 'small caps'  (m/sc) with NFSS spec.:
(fontspec)             <->s*[1]"[Raleway-Thin.otf]/OT:script=latn;language=dflt;+onum;+smcp;mapping=tex-text;"
(fontspec)             - 'bold' (b/n) with NFSS spec.:
(fontspec)             <->s*[1]"[Raleway-Black.otf]/OT:script=latn;language=dflt;+onum;mapping=tex-text;"
(fontspec)             - 'bold small caps'  (b/sc) with NFSS spec.:
(fontspec)             <->s*[1]"[Raleway-Black.otf]/OT:script=latn;language=dflt;+onum;+smcp;mapping=tex-text;"
(fontspec)             - 'italic' (m/it) with NFSS spec.:
(fontspec)             <->s*[1]"[Raleway-ThinItalic.otf]/OT:script=latn;language=dflt;+onum;mapping=tex-text;"
(fontspec)             - 'italic small caps'  (m/scit) with NFSS spec.:
(fontspec)             <->s*[1]"[Raleway-ThinItalic.otf]/OT:script=latn;language=dflt;+onum;+smcp;mapping=tex-text;"
(fontspec)             - 'bold italic' (b/it) with NFSS spec.:
(fontspec)             <->s*[1]"[Raleway-BlackItalic.otf]/OT:script=latn;language=dflt;+onum;mapping=tex-text;"
(fontspec)             - 'bold italic small caps'  (b/scit) with NFSS spec.:
(fontspec)             <->s*[1]"[Raleway-BlackItalic.otf]/OT:script=latn;language=dflt;+onum;+smcp;mapping=tex-text;"


Package fontspec Info: 
(fontspec)             Raleway-ExtraLight scale = 1.


Package fontspec Info: 
(fontspec)             Raleway-ExtraLight scale = 1.


Package fontspec Info: 
(fontspec)             Raleway-ExtraLight scale = 1.


Package fontspec Info: 
(fontspec)             Raleway-ExtraBold scale = 1.


Package fontspec Info: 
(fontspec)             Raleway-ExtraBold scale = 1.


Package fontspec Info: 
(fontspec)             Raleway-ExtraLightItalic scale = 1.


Package fontspec Info: 
(fontspec)             Raleway-ExtraLightItalic scale = 1.


Package fontspec Info: 
(fontspec)             Raleway-ExtraBoldItalic scale = 1.


Package fontspec Info: 
(fontspec)             Raleway-ExtraBoldItalic scale = 1.


Package fontspec Info: 
(fontspec)             Font family 'Raleway(5)' created for font 'Raleway'
(fontspec)             with options [Ligatures = TeX,Numbers = OldStyle,Scale
(fontspec)             = 1,Extension = .otf,UprightFont =
(fontspec)             *-ExtraLight,ItalicFont = *-ExtraLightItalic,BoldFont =
(fontspec)             *-ExtraBold,BoldItalicFont = *-ExtraBoldItalic].
(fontspec)              
(fontspec)              This font family consists of the following NFSS
(fontspec)             series/shapes:
(fontspec)              
(fontspec)             - 'normal' (m/n) with NFSS spec.:
(fontspec)             <->s*[1]"[Raleway-ExtraLight.otf]/OT:script=latn;language=dflt;+onum;mapping=tex-text;"
(fontspec)             - 'small caps'  (m/sc) with NFSS spec.:
(fontspec)             <->s*[1]"[Raleway-ExtraLight.otf]/OT:script=latn;language=dflt;+onum;+smcp;mapping=tex-text;"
(fontspec)             - 'bold' (b/n) with NFSS spec.:
(fontspec)             <->s*[1]"[Raleway-ExtraBold.otf]/OT:script=latn;language=dflt;+onum;mapping=tex-text;"
(fontspec)             - 'bold small caps'  (b/sc) with NFSS spec.:
(fontspec)             <->s*[1]"[Raleway-ExtraBold.otf]/OT:script=latn;language=dflt;+onum;+smcp;mapping=tex-text;"
(fontspec)             - 'italic' (m/it) with NFSS spec.:
(fontspec)             <->s*[1]"[Raleway-ExtraLightItalic.otf]/OT:script=latn;language=dflt;+onum;mapping=tex-text;"
(fontspec)             - 'italic small caps'  (m/scit) with NFSS spec.:
(fontspec)             <->s*[1]"[Raleway-ExtraLightItalic.otf]/OT:script=latn;language=dflt;+onum;+smcp;mapping=tex-text;"
(fontspec)             - 'bold italic' (b/it) with NFSS spec.:
(fontspec)             <->s*[1]"[Raleway-ExtraBoldItalic.otf]/OT:script=latn;language=dflt;+onum;mapping=tex-text;"
(fontspec)             - 'bold italic small caps'  (b/scit) with NFSS spec.:
(fontspec)             <->s*[1]"[Raleway-ExtraBoldItalic.otf]/OT:script=latn;language=dflt;+onum;+smcp;mapping=tex-text;"


Package fontspec Info: 
(fontspec)             Raleway-Regular scale = 1.


Package fontspec Info: 
(fontspec)             Raleway-Regular scale = 1.


Package fontspec Info: 
(fontspec)             Raleway-Regular scale = 1.


Package fontspec Info: 
(fontspec)             Raleway-Bold scale = 1.


Package fontspec Info: 
(fontspec)             Raleway-Bold scale = 1.


Package fontspec Info: 
(fontspec)             Raleway-RegularItalic scale = 1.


Package fontspec Info: 
(fontspec)             Raleway-RegularItalic scale = 1.


Package fontspec Info: 
(fontspec)             Raleway-BoldItalic scale = 1.


Package fontspec Info: 
(fontspec)             Raleway-BoldItalic scale = 1.


Package fontspec Info: 
(fontspec)             Font family 'Raleway(6)' created for font 'Raleway'
(fontspec)             with options [Ligatures = TeX,Numbers = Lining,Scale =
(fontspec)             1,Extension = .otf,UprightFont = *-Regular,ItalicFont =
(fontspec)             *-RegularItalic,BoldFont = *-Bold,BoldItalicFont =
(fontspec)             *-BoldItalic].
(fontspec)              
(fontspec)              This font family consists of the following NFSS
(fontspec)             series/shapes:
(fontspec)              
(fontspec)             - 'normal' (m/n) with NFSS spec.:
(fontspec)             <->s*[1]"[Raleway-Regular.otf]/OT:script=latn;language=dflt;+lnum;mapping=tex-text;"
(fontspec)             - 'small caps'  (m/sc) with NFSS spec.:
(fontspec)             <->s*[1]"[Raleway-Regular.otf]/OT:script=latn;language=dflt;+lnum;+smcp;mapping=tex-text;"
(fontspec)             - 'bold' (b/n) with NFSS spec.:
(fontspec)             <->s*[1]"[Raleway-Bold.otf]/OT:script=latn;language=dflt;+lnum;mapping=tex-text;"
(fontspec)             - 'bold small caps'  (b/sc) with NFSS spec.:
(fontspec)             <->s*[1]"[Raleway-Bold.otf]/OT:script=latn;language=dflt;+lnum;+smcp;mapping=tex-text;"
(fontspec)             - 'italic' (m/it) with NFSS spec.:
(fontspec)             <->s*[1]"[Raleway-RegularItalic.otf]/OT:script=latn;language=dflt;+lnum;mapping=tex-text;"
(fontspec)             - 'italic small caps'  (m/scit) with NFSS spec.:
(fontspec)             <->s*[1]"[Raleway-RegularItalic.otf]/OT:script=latn;language=dflt;+lnum;+smcp;mapping=tex-text;"
(fontspec)             - 'bold italic' (b/it) with NFSS spec.:
(fontspec)             <->s*[1]"[Raleway-BoldItalic.otf]/OT:script=latn;language=dflt;+lnum;mapping=tex-text;"
(fontspec)             - 'bold italic small caps'  (b/scit) with NFSS spec.:
(fontspec)             <->s*[1]"[Raleway-BoldItalic.otf]/OT:script=latn;language=dflt;+lnum;+smcp;mapping=tex-text;"

) (/home/swensonnm1906/.TinyTeX/texmf-dist/tex/latex/base/fontenc.sty
Package: fontenc 2025/07/18 v2.1d Standard LaTeX package
LaTeX Font Info:    Trying to load font information for T1+Raleway(0) on input line 116.
LaTeX Font Info:    No file T1Raleway(0).fd. on input line 116.

LaTeX Font Warning: Font shape `T1/Raleway(0)/m/n' undefined
(Font)              using `T1/cmr/m/n' instead on input line 116.

) (/home/swensonnm1906/.TinyTeX/texmf-dist/tex/latex/moresize/moresize.sty
Package: moresize 1999/07/26 v1.9 (more font sizes)
) (/home/swensonnm1906/.TinyTeX/texmf-dist/tex/latex/geometry/geometry.sty
Package: geometry 2020/01/02 v5.9 Page Geometry
(/home/swensonnm1906/.TinyTeX/texmf-dist/tex/generic/iftex/ifvtex.sty
Package: ifvtex 2019/10/25 v1.7 ifvtex legacy package. Use iftex instead.
)
\Gm@cnth=\count297
\Gm@cntv=\count298
\c@Gm@tempcnt=\count299
\Gm@bindingoffset=\dimen154
\Gm@wd@mp=\dimen155
\Gm@odd@mp=\dimen156
\Gm@even@mp=\dimen157
\Gm@layoutwidth=\dimen158
\Gm@layoutheight=\dimen159
\Gm@layouthoffset=\dimen160
\Gm@layoutvoffset=\dimen161
\Gm@dimlist=\toks22
) (/home/swensonnm1906/.TinyTeX/texmf-dist/tex/latex/fancyhdr/fancyhdr.sty
Package: fancyhdr 2025/02/07 v5.2 Extensive control of page headers and footers
\f@nch@headwidth=\skip54
\f@nch@offset@elh=\skip55
\f@nch@offset@erh=\skip56
\f@nch@offset@olh=\skip57
\f@nch@offset@orh=\skip58
\f@nch@offset@elf=\skip59
\f@nch@offset@erf=\skip60
\f@nch@offset@olf=\skip61
\f@nch@offset@orf=\skip62
\f@nch@height=\skip63
\f@nch@footalignment=\skip64
\f@nch@widthL=\skip65
\f@nch@widthC=\skip66
\f@nch@widthR=\skip67
\@temptokenb=\toks23
) (/home/swensonnm1906/.TinyTeX/texmf-dist/tex/latex/hyperref/hyperref.sty
Package: hyperref 2025-07-12 v7.01o Hypertext links for LaTeX
(/home/swensonnm1906/.TinyTeX/texmf-dist/tex/latex/kvsetkeys/kvsetkeys.sty
Package: kvsetkeys 2022-10-05 v1.19 Key value parser (HO)
) (/home/swensonnm1906/.TinyTeX/texmf-dist/tex/generic/kvdefinekeys/kvdefinekeys.sty
Package: kvdefinekeys 2019-12-19 v1.6 Define keys (HO)
) (/home/swensonnm1906/.TinyTeX/texmf-dist/tex/generic/pdfescape/pdfescape.sty
Package: pdfescape 2019/12/09 v1.15 Implements pdfTeX's escape features (HO)
(/home/swensonnm1906/.TinyTeX/texmf-dist/tex/generic/ltxcmds/ltxcmds.sty
Package: ltxcmds 2023-12-04 v1.26 LaTeX kernel commands for general use (HO)
) (/home/swensonnm1906/.TinyTeX/texmf-dist/tex/generic/pdftexcmds/pdftexcmds.sty
Package: pdftexcmds 2020-06-27 v0.33 Utility functions of pdfTeX for LuaTeX (HO)
(/home/swensonnm1906/.TinyTeX/texmf-dist/tex/generic/infwarerr/infwarerr.sty
Package: infwarerr 2019/12/03 v1.5 Providing info/warning/error messages (HO)
)
Package pdftexcmds Info: \pdf@primitive is available.
Package pdftexcmds Info: \pdf@ifprimitive is available.
Package pdftexcmds Info: \pdfdraftmode not found.
)) (/home/swensonnm1906/.TinyTeX/texmf-dist/tex/latex/hycolor/hycolor.sty
Package: hycolor 2020-01-27 v1.10 Color options for hyperref/bookmark (HO)
) (/home/swensonnm1906/.TinyTeX/texmf-dist/tex/latex/hyperref/nameref.sty
Package: nameref 2025-06-21 v2.57 Cross-referencing by name of section
(/home/swensonnm1906/.TinyTeX/texmf-dist/tex/latex/refcount/refcount.sty
Package: refcount 2019/12/15 v3.6 Data extraction from label references (HO)
) (/home/swensonnm1906/.TinyTeX/texmf-dist/tex/generic/gettitlestring/gettitlestring.sty
Package: gettitlestring 2019/12/15 v1.6 Cleanup title references (HO)
(/home/swensonnm1906/.TinyTeX/texmf-dist/tex/latex/kvoptions/kvoptions.sty
Package: kvoptions 2022-06-15 v3.15 Key value format for package options (HO)
))
\c@section@level=\count300
) (/home/swensonnm1906/.TinyTeX/texmf-dist/tex/latex/etoolbox/etoolbox.sty
Package: etoolbox 2025/10/02 v2.5m e-TeX tools for LaTeX (JAW)
\etb@tempcnta=\count301
) (/home/swensonnm1906/.TinyTeX/texmf-dist/tex/generic/stringenc/stringenc.sty
Package: stringenc 2019/11/29 v1.12 Convert strings between diff. encodings (HO)
)
\@linkdim=\dimen162
\Hy@linkcounter=\count302
\Hy@pagecounter=\count303
(/home/swensonnm1906/.TinyTeX/texmf-dist/tex/latex/hyperref/pd1enc.def
File: pd1enc.def 2025-07-12 v7.01o Hyperref: PDFDocEncoding definition (HO)
) (/home/swensonnm1906/.TinyTeX/texmf-dist/tex/generic/intcalc/intcalc.sty
Package: intcalc 2019/12/15 v1.3 Expandable calculations with integers (HO)
)
\Hy@SavedSpaceFactor=\count304
(/home/swensonnm1906/.TinyTeX/texmf-dist/tex/latex/hyperref/puenc.def
File: puenc.def 2025-07-12 v7.01o Hyperref: PDF Unicode definition (HO)
)
Package hyperref Info: Option `colorlinks' set `true' on input line 4066.
Package hyperref Info: Hyper figures OFF on input line 4195.
Package hyperref Info: Link nesting OFF on input line 4200.
Package hyperref Info: Hyper index ON on input line 4203.
Package hyperref Info: Plain pages OFF on input line 4210.
Package hyperref Info: Backreferencing OFF on input line 4215.
Package hyperref Info: Implicit mode ON; LaTeX internals redefined.
Package hyperref Info: Bookmarks ON on input line 4462.
\c@Hy@tempcnt=\count305
(/home/swensonnm1906/.TinyTeX/texmf-dist/tex/latex/url/url.sty
\Urlmuskip=\muskip17
Package: url 2013/09/16  ver 3.4  Verb mode for urls, etc.
)
LaTeX Info: Redefining \url on input line 4801.
\XeTeXLinkMargin=\dimen163
(/home/swensonnm1906/.TinyTeX/texmf-dist/tex/generic/bitset/bitset.sty
Package: bitset 2019/12/09 v1.3 Handle bit-vector datatype (HO)
(/home/swensonnm1906/.TinyTeX/texmf-dist/tex/generic/bigintcalc/bigintcalc.sty
Package: bigintcalc 2019/12/15 v1.5 Expandable calculations on big integers (HO)
))
\Fld@menulength=\count306
\Field@Width=\dimen164
\Fld@charsize=\dimen165
Package hyperref Info: Hyper figures OFF on input line 6078.
Package hyperref Info: Link